{"/home/eric/workspaceExpress/portfolio/apps/marionette/client/app.js":{"path":"/home/eric/workspaceExpress/portfolio/apps/marionette/client/app.js","s":{"1":1,"2":0,"3":0,"4":0,"5":0,"6":0,"7":0},"b":{},"f":{"1":0,"2":0},"fnMap":{"1":{"name":"(anonymous_1)","line":2,"loc":{"start":{"line":2,"column":1},"end":{"line":2,"column":44}}},"2":{"name":"(anonymous_2)","line":7,"loc":{"start":{"line":7,"column":21},"end":{"line":7,"column":31}}}},"statementMap":{"1":{"start":{"line":1,"column":0},"end":{"line":14,"column":3}},"2":{"start":{"line":5,"column":2},"end":{"line":5,"column":43}},"3":{"start":{"line":7,"column":2},"end":{"line":11,"column":4}},"4":{"start":{"line":8,"column":3},"end":{"line":8,"column":31}},"5":{"start":{"line":9,"column":3},"end":{"line":9,"column":17}},"6":{"start":{"line":10,"column":4},"end":{"line":10,"column":29}},"7":{"start":{"line":13,"column":2},"end":{"line":13,"column":15}}},"branchMap":{}}}